<?xml version="1.0" encoding="UTF-8"?>
<!-- Generated by org.testng.reporters.JUnitXMLReporter -->
<testsuite hostname="Acer-PC" ignored="0" name="Default test" tests="4" failures="0" timestamp="04 Sep 2019 05:51:20 GMT" time="107.954" errors="0">
  <testcase name="Login" time="6.453" classname="TestNG.FlipkartTestNG"/>
  <testcase name="SearchItem" time="14.469" classname="TestNG.FlipkartTestNG"/>
  <testcase name="addToCartItem" time="27.027" classname="TestNG.FlipkartTestNG"/>
  <testcase name="Logout" time="8.631" classname="TestNG.FlipkartTestNG"/>
</testsuite> <!-- Default test -->
