<?xml version="1.0" encoding="UTF-8"?>
<!-- Generated by org.testng.reporters.JUnitXMLReporter -->
<testsuite hostname="Acer-PC" ignored="1" name="Test" tests="3" failures="0" timestamp="27 Aug 2019 08:21:50 GMT" time="0.148" errors="0">
  <testcase name="Add" time="0.009" classname="TestNG.SampleCode"/>
  <testcase name="Mul" time="0.002" classname="TestNG.SampleCode"/>
  <testcase name="Sub" time="0.001" classname="TestNG.SampleCode"/>
  <testcase name="Div" time="0.0" classname="TestNG.SampleCode">
    <ignored/>
  </testcase> <!-- Div -->
</testsuite> <!-- Test -->
