<?xml version="1.0" encoding="UTF-8"?>
<!-- Generated by org.testng.reporters.JUnitXMLReporter -->
<testsuite hostname="Acer-PC" ignored="0" name="snapdeal" tests="4" failures="0" timestamp="28 Aug 2019 08:08:13 GMT" time="113.331" errors="0">
  <testcase name="ApplicationLogin" time="51.091" classname="TestNG.SanpdealTestNG"/>
  <testcase name="SearchItem" time="12.274" classname="TestNG.SanpdealTestNG"/>
  <testcase name="AddtoCart" time="17.693" classname="TestNG.SanpdealTestNG"/>
  <testcase name="Logout" time="13.601" classname="TestNG.SanpdealTestNG"/>
</testsuite> <!-- snapdeal -->
